{
  "stats": {
    "suites": 2,
    "tests": 2,
    "passes": 1,
    "pending": 0,
    "failures": 1,
    "start": "2022-09-05T01:17:00.090Z",
    "end": "2022-09-05T01:17:03.290Z",
    "duration": 3200,
    "testsRegistered": 2,
    "passPercent": 50,
    "pendingPercent": 0,
    "other": 0,
    "hasOther": false,
    "skipped": 0,
    "hasSkipped": false
  },
  "results": [
    {
      "uuid": "9979a41c-6de5-4917-8b91-0e2633428436",
      "title": "",
      "fullFile": "",
      "file": "",
      "beforeHooks": [],
      "afterHooks": [],
      "tests": [],
      "suites": [
        {
          "uuid": "ab6b31ee-4c52-4857-aea0-f3600a2d0529",
          "title": "add to do test",
          "fullFile": "/Users/Fender/Projects/Dev/Selenium/selenium-webdriver-Js/test/firstTest.js",
          "file": "/test/firstTest.js",
          "beforeHooks": [],
          "afterHooks": [],
          "tests": [
            {
              "title": "successfully adds a todo application",
              "fullTitle": "add to do test successfully adds a todo application",
              "timedOut": false,
              "duration": 1605,
              "state": "failed",
              "speed": null,
              "pass": false,
              "fail": true,
              "pending": false,
              "context": null,
              "code": "// launch the browser\nlet driver = await new Builder().forBrowser(\"chrome\").build();\n//navigate to out application\nawait driver.get(\"https://lambdatest.github.io/sample-todo-app/\");\n//add a todo\nawait driver\n  .findElement(By.id(\"sampletodotext\"))\n  .sendKeys(\"Fender Mora - Selenium\", Key.RETURN);\nlet todoText = await driver\n  .findElement(By.xpath(\"//li[last()]\"))\n  .getText()\n  .then(function (value) {\n    return value;\n  });\n//assert using chai should\ntodoText.should.equal(\"Fender - Selenium\");\n//Close Browser\nawait driver.quit();",
              "err": {
                "message": "AssertionError: expected 'Fender Mora - Selenium' to equal 'Fender - Selenium'",
                "estack": "AssertionError: expected 'Fender Mora - Selenium' to equal 'Fender - Selenium'\n    at Context.<anonymous> (test/firstTest.js:36:21)\n    at processTicksAndRejections (internal/process/task_queues.js:95:5)",
                "diff": "- Fender Mora - Selenium\n+ Fender - Selenium\n"
              },
              "uuid": "575c2355-9ec8-4b3e-8bcb-a000e5c324e6",
              "parentUUID": "ab6b31ee-4c52-4857-aea0-f3600a2d0529",
              "isHook": false,
              "skipped": false
            }
          ],
          "suites": [],
          "passes": [],
          "failures": [
            "575c2355-9ec8-4b3e-8bcb-a000e5c324e6"
          ],
          "pending": [],
          "skipped": [],
          "duration": 1605,
          "root": false,
          "rootEmpty": false,
          "_timeout": 2000
        },
        {
          "uuid": "c0392a75-70bf-4d54-998b-e7796acc9471",
          "title": "add to do test - Second Task",
          "fullFile": "/Users/Fender/Projects/Dev/Selenium/selenium-webdriver-Js/test/secondTest.js",
          "file": "/test/secondTest.js",
          "beforeHooks": [],
          "afterHooks": [],
          "tests": [
            {
              "title": "successfully adds a todo application",
              "fullTitle": "add to do test - Second Task successfully adds a todo application",
              "timedOut": false,
              "duration": 1592,
              "state": "passed",
              "speed": "slow",
              "pass": true,
              "fail": false,
              "pending": false,
              "context": null,
              "code": "// launch the browser\nlet driver = await new Builder().forBrowser(\"chrome\").build();\n//navigate to out application\nawait driver.get(\"https://lambdatest.github.io/sample-todo-app/\");\n//add a todo\nawait driver\n  .findElement(By.id(\"sampletodotext\"))\n  .sendKeys(\"Fender Mora - Selenium\", Key.RETURN);\nlet todoText = await driver\n  .findElement(By.xpath(\"//li[last()]\"))\n  .getText()\n  .then(function (value) {\n    return value;\n  });\n//assert using chai should\ntodoText.should.equal(\"Fender Mora - Selenium\");\n//Close Browser\nawait driver.quit();",
              "err": {},
              "uuid": "deda0176-7301-42d0-b4a9-ca4d28c29a17",
              "parentUUID": "c0392a75-70bf-4d54-998b-e7796acc9471",
              "isHook": false,
              "skipped": false
            }
          ],
          "suites": [],
          "passes": [
            "deda0176-7301-42d0-b4a9-ca4d28c29a17"
          ],
          "failures": [],
          "pending": [],
          "skipped": [],
          "duration": 1592,
          "root": false,
          "rootEmpty": false,
          "_timeout": 2000
        }
      ],
      "passes": [],
      "failures": [],
      "pending": [],
      "skipped": [],
      "duration": 0,
      "root": true,
      "rootEmpty": true,
      "_timeout": 2000
    }
  ],
  "meta": {
    "mocha": {
      "version": "10.0.0"
    },
    "mochawesome": {
      "options": {
        "quiet": false,
        "reportFilename": "mochawesome",
        "saveHtml": true,
        "saveJson": true,
        "consoleReporter": "spec",
        "useInlineDiffs": false,
        "code": true
      },
      "version": "7.1.3"
    },
    "marge": {
      "options": null,
      "version": "6.2.0"
    }
  }
}